<?xml version="1.0" encoding="UTF-8"?>
<!-- Generated by org.testng.reporters.JUnitReportReporter -->
<testsuite skipped="0" hostname="DESKTOP-AGHBKIE" name="login.Login" tests="1" failures="0" timestamp="03 Jun 2021 05:06:20 GMT" time="0.010" errors="0">
  <testcase name="f" time="0.010" classname="login.Login"/>
</testsuite> <!-- login.Login -->
