<?xml version="1.0" encoding="UTF-8"?>
<!-- Generated by org.testng.reporters.JUnitReportReporter -->
<testsuite skipped="0" hostname="DESKTOP-AGHBKIE" name="cet.Cet" tests="1" failures="0" timestamp="03 Jun 2021 09:47:21 GMT" time="3.044" errors="0">
  <testcase name="f" time="3.044" classname="cet.Cet"/>
</testsuite> <!-- cet.Cet -->
