<?xml version="1.0" encoding="UTF-8"?>
<!-- Generated by org.testng.reporters.JUnitReportReporter -->
<testsuite skipped="0" hostname="DESKTOP-AGHBKIE" name="login.TestLogin" tests="1" failures="0" timestamp="03 Jun 2021 08:54:19 GMT" time="0.004" errors="0">
  <testcase name="f" time="0.004" classname="login.TestLogin"/>
</testsuite> <!-- login.TestLogin -->
