<?xml version="1.0" encoding="UTF-8"?>
<!-- Generated by org.testng.reporters.JUnitReportReporter -->
<testsuite skipped="0" hostname="DESKTOP-AGHBKIE" name="login.ERPLogin" tests="1" failures="0" timestamp="03 Jun 2021 05:43:16 GMT" time="11.558" errors="0">
  <testcase name="f" time="11.558" classname="login.ERPLogin"/>
</testsuite> <!-- login.ERPLogin -->
